<?xml version="1.0" encoding="UTF-8"?>
<!-- Generated by org.testng.reporters.JUnitReportReporter -->
<testsuite hostname="BAGOWDARA" name="com.testing.clmtest.testcases.Testcase1" tests="1" failures="0" timestamp="24 Jun 2018 14:34:51 GMT" time="66.572" errors="0">
  <testcase name="Login" time="66.572" classname="com.testing.clmtest.testcases.Testcase1"/>
</testsuite> <!-- com.testing.clmtest.testcases.Testcase1 -->
