<?xml version="1.0" encoding="UTF-8"?>
<!-- Generated by org.testng.reporters.JUnitReportReporter -->
<testsuite hostname="BAGOWDARA" name="com.testing.clmtest.testcases.Testcase1" tests="1" failures="0" timestamp="26 Jun 2018 01:56:28 GMT" time="112.328" errors="0">
  <testcase name="Login" time="112.328" classname="com.testing.clmtest.testcases.Testcase1"/>
</testsuite> <!-- com.testing.clmtest.testcases.Testcase1 -->
