<?xml version="1.0" encoding="UTF-8"?>
<!-- Generated by org.testng.reporters.JUnitReportReporter -->
<testsuite hostname="BAGOWDARA" name="com.testing.clmtest.testcases.Testcase1" tests="1" failures="0" timestamp="26 Jun 2018 02:41:15 GMT" time="22.257" errors="0">
  <testcase name="Login" time="22.257" classname="com.testing.clmtest.testcases.Testcase1"/>
</testsuite> <!-- com.testing.clmtest.testcases.Testcase1 -->
