<?xml version="1.0" encoding="UTF-8"?>
<!-- Generated by org.testng.reporters.JUnitReportReporter -->
<testsuite hostname="BAGOWDARA" name="com.testing.clmtest.testcases.Testcase1" tests="1" failures="0" timestamp="26 Jun 2018 13:38:32 GMT" time="31.654" errors="0">
  <testcase name="Login" time="31.654" classname="com.testing.clmtest.testcases.Testcase1"/>
</testsuite> <!-- com.testing.clmtest.testcases.Testcase1 -->
